# JRE version: Java(TM) SE Runtime Environment (8.0_181-b13) (build 1.8.0_181-b13)
# Java VM: Java HotSpot(TM) Client VM (25.181-b13 mixed mode, sharing windows-x86 )
Heap:
 def new generation   total 32384K, used 1896K [0x03c00000, 0x05f20000, 0x09150000)
  eden space 28800K,   5% used [0x03c00000, 0x03d71c58, 0x05820000)
  from space 3584K,  11% used [0x05ba0000, 0x05c08668, 0x05f20000)
  to   space 3584K,   0% used [0x05820000, 0x05820000, 0x05ba0000)
 tenured generation   total 71880K, used 43329K [0x09150000, 0x0d782000, 0x13c00000)
   the space 71880K,  60% used [0x09150000, 0x0bba05a8, 0x0bba0600, 0x0d782000)
 Metaspace       used 8543K, capacity 10138K, committed 10240K, reserved 10624K
GC Heap History (10 events):
Event: 8.871 GC heap before
{Heap before GC invocations=15 (full 2):
 def new generation   total 16000K, used 9456K [0x03c00000, 0x04d50000, 0x09150000)
  eden space 14272K,  54% used [0x03c00000, 0x0438c2d0, 0x049f0000)
  from space 1728K, 100% used [0x04ba0000, 0x04d50000, 0x04d50000)
  to   space 1728K,   0% used [0x049f0000, 0x049f0000, 0x04ba0000)
 tenured generation   total 43520K, used 37521K [0x09150000, 0x0bbd0000, 0x13c00000)
   the space 43520K,  86% used [0x09150000, 0x0b5f45f0, 0x0b5f4600, 0x0bbd0000)
 Metaspace       used 7911K, capacity 9507K, committed 9600K, reserved 9600K
Event: 8.877 GC heap after
Heap after GC invocations=16 (full 2):
 def new generation   total 16000K, used 704K [0x03c00000, 0x04d50000, 0x09150000)
  eden space 14272K,   0% used [0x03c00000, 0x03c00000, 0x049f0000)
  from space 1728K,  40% used [0x049f0000, 0x04aa0150, 0x04ba0000)
  to   space 1728K,   0% used [0x04ba0000, 0x04ba0000, 0x04d50000)
 tenured generation   total 43520K, used 38995K [0x09150000, 0x0bbd0000, 0x13c00000)
   the space 43520K,  89% used [0x09150000, 0x0b764cb0, 0x0b764e00, 0x0bbd0000)
 Metaspace       used 7911K, capacity 9507K, committed 9600K, reserved 9600K
}
Event: 8.991 GC heap before
{Heap before GC invocations=16 (full 2):
 def new generation   total 16000K, used 9673K [0x03c00000, 0x04d50000, 0x09150000)
  eden space 14272K,  62% used [0x03c00000, 0x044c2470, 0x049f0000)
  from space 1728K,  40% used [0x049f0000, 0x04aa0150, 0x04ba0000)
  to   space 1728K,   0% used [0x04ba0000, 0x04ba0000, 0x04d50000)
 tenured generation   total 49596K, used 45070K [0x09150000, 0x0c1bf000, 0x13c00000)
   the space 49596K,  90% used [0x09150000, 0x0bd538c0, 0x0bd53a00, 0x0c1bf000)
 Metaspace       used 7911K, capacity 9507K, committed 9600K, reserved 9600K
Event: 9.000 GC heap after
Heap after GC invocations=17 (full 2):
 def new generation   total 16000K, used 317K [0x03c00000, 0x04d50000, 0x09150000)
  eden space 14272K,   0% used [0x03c00000, 0x03c00000, 0x049f0000)
  from space 1728K,  18% used [0x04ba0000, 0x04bef5d0, 0x04d50000)
  to   space 1728K,   0% used [0x049f0000, 0x049f0000, 0x04ba0000)
 tenured generation   total 57700K, used 53170K [0x09150000, 0x0c9a9000, 0x13c00000)
   the space 57700K,  92% used [0x09150000, 0x0c53c8d0, 0x0c53ca00, 0x0c9a9000)
 Metaspace       used 7911K, capacity 9507K, committed 9600K, reserved 9600K
}
Event: 9.193 GC heap before
{Heap before GC invocations=17 (full 2):
 def new generation   total 16000K, used 9245K [0x03c00000, 0x04d50000, 0x09150000)
  eden space 14272K,  62% used [0x03c00000, 0x044b8158, 0x049f0000)
  from space 1728K,  18% used [0x04ba0000, 0x04bef5d0, 0x04d50000)
  to   space 1728K,   0% used [0x049f0000, 0x049f0000, 0x04ba0000)
 tenured generation   total 63776K, used 59245K [0x09150000, 0x0cf98000, 0x13c00000)
   the space 63776K,  92% used [0x09150000, 0x0cb2b4e0, 0x0cb2b600, 0x0cf98000)
 Metaspace       used 7911K, capacity 9507K, committed 9600K, reserved 9600K
Event: 9.202 GC heap after
Heap after GC invocations=18 (full 2):
 def new generation   total 16000K, used 433K [0x03c00000, 0x04d50000, 0x09150000)
  eden space 14272K,   0% used [0x03c00000, 0x03c00000, 0x049f0000)
  from space 1728K,  25% used [0x049f0000, 0x04a5c530, 0x04ba0000)
  to   space 1728K,   0% used [0x04ba0000, 0x04ba0000, 0x04d50000)
 tenured generation   total 71880K, used 67345K [0x09150000, 0x0d782000, 0x13c00000)
   the space 71880K,  93% used [0x09150000, 0x0d3144f0, 0x0d314600, 0x0d782000)
 Metaspace       used 7911K, capacity 9507K, committed 9600K, reserved 9600K
}
Event: 12.060 GC heap before
{Heap before GC invocations=18 (full 2):
 def new generation   total 16000K, used 12935K [0x03c00000, 0x04d50000, 0x09150000)
  eden space 14272K,  87% used [0x03c00000, 0x04835950, 0x049f0000)
  from space 1728K,  25% used [0x049f0000, 0x04a5c530, 0x04ba0000)
  to   space 1728K,   0% used [0x04ba0000, 0x04ba0000, 0x04d50000)
 tenured generation   total 71880K, used 67345K [0x09150000, 0x0d782000, 0x13c00000)
   the space 71880K,  93% used [0x09150000, 0x0d3144f0, 0x0d314600, 0x0d782000)
 Metaspace       used 7922K, capacity 9517K, committed 9600K, reserved 9600K
Event: 12.096 GC heap after
Heap after GC invocations=19 (full 3):
 def new generation   total 32384K, used 0K [0x03c00000, 0x05f20000, 0x09150000)
  eden space 28800K,   0% used [0x03c00000, 0x03c00000, 0x05820000)
  from space 3584K,   0% used [0x05820000, 0x05820000, 0x05ba0000)
  to   space 3584K,   0% used [0x05ba0000, 0x05ba0000, 0x05f20000)
 tenured generation   total 71880K, used 28816K [0x09150000, 0x0d782000, 0x13c00000)
   the space 71880K,  40% used [0x09150000, 0x0ad74398, 0x0ad74400, 0x0d782000)
 Metaspace       used 7909K, capacity 9482K, committed 9600K, reserved 9600K
}
Event: 20.128 GC heap before
{Heap before GC invocations=19 (full 3):
 def new generation   total 32384K, used 28800K [0x03c00000, 0x05f20000, 0x09150000)
  eden space 28800K, 100% used [0x03c00000, 0x05820000, 0x05820000)
  from space 3584K,   0% used [0x05820000, 0x05820000, 0x05ba0000)
  to   space 3584K,   0% used [0x05ba0000, 0x05ba0000, 0x05f20000)
 tenured generation   total 71880K, used 28816K [0x09150000, 0x0d782000, 0x13c00000)
   the space 71880K,  40% used [0x09150000, 0x0ad74398, 0x0ad74400, 0x0d782000)
 Metaspace       used 8533K, capacity 10125K, committed 10240K, reserved 10624K
Event: 20.144 GC heap after
Heap after GC invocations=20 (full 3):
 def new generation   total 32384K, used 417K [0x03c00000, 0x05f20000, 0x09150000)
  eden space 28800K,   0% used [0x03c00000, 0x03c00000, 0x05820000)
  from space 3584K,  11% used [0x05ba0000, 0x05c08668, 0x05f20000)
  to   space 3584K,   0% used [0x05820000, 0x05820000, 0x05ba0000)
 tenured generation   total 71880K, used 43329K [0x09150000, 0x0d782000, 0x13c00000)
   the space 71880K,  60% used [0x09150000, 0x0bba05a8, 0x0bba0600, 0x0d782000)
 Metaspace       used 8533K, capacity 10125K, committed 10240K, reserved 10624K
}

