# JRE version: Java(TM) SE Runtime Environment (8.0_181-b13) (build 1.8.0_181-b13)
# Java VM: Java HotSpot(TM) Client VM (25.181-b13 mixed mode windows-x86 )
Heap:
 def new generation   total 33216K, used 16141K [0x04200000, 0x06600000, 0x09750000)
  eden space 29568K,  54% used [0x04200000, 0x051c3758, 0x05ee0000)
  from space 3648K,   0% used [0x05ee0000, 0x05ee0000, 0x06270000)
  to   space 3648K,   0% used [0x06270000, 0x06270000, 0x06600000)
 tenured generation   total 73680K, used 31836K [0x09750000, 0x0df44000, 0x14200000)
   the space 73680K,  43% used [0x09750000, 0x0b667088, 0x0b667200, 0x0df44000)
 Metaspace       used 12901K, capacity 13627K, committed 13696K, reserved 13696K
GC Heap History (10 events):
Event: 8.677 GC heap before
{Heap before GC invocations=31 (full 2):
 def new generation   total 16768K, used 9993K [0x04200000, 0x05430000, 0x09750000)
  eden space 14912K,  67% used [0x04200000, 0x04bc24a0, 0x05090000)
  from space 1856K,   0% used [0x05090000, 0x05090000, 0x05260000)
  to   space 1856K,   0% used [0x05260000, 0x05260000, 0x05430000)
 tenured generation   total 37216K, used 30428K [0x09750000, 0x0bba8000, 0x14200000)
   the space 37216K,  81% used [0x09750000, 0x0b507128, 0x0b507200, 0x0bba8000)
 Metaspace       used 12219K, capacity 12910K, committed 12928K, reserved 13696K
Event: 8.684 GC heap after
Heap after GC invocations=32 (full 2):
 def new generation   total 16768K, used 1351K [0x04200000, 0x05430000, 0x09750000)
  eden space 14912K,   0% used [0x04200000, 0x04200000, 0x05090000)
  from space 1856K,  72% used [0x05260000, 0x053b1f00, 0x05430000)
  to   space 1856K,   0% used [0x05090000, 0x05090000, 0x05260000)
 tenured generation   total 37216K, used 30428K [0x09750000, 0x0bba8000, 0x14200000)
   the space 37216K,  81% used [0x09750000, 0x0b507128, 0x0b507200, 0x0bba8000)
 Metaspace       used 12219K, capacity 12910K, committed 12928K, reserved 13696K
}
Event: 9.012 GC heap before
{Heap before GC invocations=32 (full 2):
 def new generation   total 16768K, used 9249K [0x04200000, 0x05430000, 0x09750000)
  eden space 14912K,  52% used [0x04200000, 0x049b6650, 0x05090000)
  from space 1856K,  72% used [0x05260000, 0x053b1f00, 0x05430000)
  to   space 1856K,   0% used [0x05090000, 0x05090000, 0x05260000)
 tenured generation   total 45320K, used 38528K [0x09750000, 0x0c392000, 0x14200000)
   the space 45320K,  85% used [0x09750000, 0x0bcf0138, 0x0bcf0200, 0x0c392000)
 Metaspace       used 12227K, capacity 12910K, committed 12928K, reserved 13696K
Event: 9.019 GC heap after
Heap after GC invocations=33 (full 2):
 def new generation   total 16768K, used 702K [0x04200000, 0x05430000, 0x09750000)
  eden space 14912K,   0% used [0x04200000, 0x04200000, 0x05090000)
  from space 1856K,  37% used [0x05090000, 0x0513fb98, 0x05260000)
  to   space 1856K,   0% used [0x05260000, 0x05260000, 0x05430000)
 tenured generation   total 45320K, used 39869K [0x09750000, 0x0c392000, 0x14200000)
   the space 45320K,  87% used [0x09750000, 0x0be3f628, 0x0be3f800, 0x0c392000)
 Metaspace       used 12227K, capacity 12910K, committed 12928K, reserved 13696K
}
Event: 9.197 GC heap before
{Heap before GC invocations=33 (full 2):
 def new generation   total 16768K, used 9783K [0x04200000, 0x05430000, 0x09750000)
  eden space 14912K,  60% used [0x04200000, 0x04ade170, 0x05090000)
  from space 1856K,  37% used [0x05090000, 0x0513fb98, 0x05260000)
  to   space 1856K,   0% used [0x05260000, 0x05260000, 0x05430000)
 tenured generation   total 51396K, used 45944K [0x09750000, 0x0c981000, 0x14200000)
   the space 51396K,  89% used [0x09750000, 0x0c42e238, 0x0c42e400, 0x0c981000)
 Metaspace       used 12227K, capacity 12910K, committed 12928K, reserved 13696K
Event: 9.206 GC heap after
Heap after GC invocations=34 (full 2):
 def new generation   total 16768K, used 316K [0x04200000, 0x05430000, 0x09750000)
  eden space 14912K,   0% used [0x04200000, 0x04200000, 0x05090000)
  from space 1856K,  17% used [0x05260000, 0x052af1d0, 0x05430000)
  to   space 1856K,   0% used [0x05090000, 0x05090000, 0x05260000)
 tenured generation   total 59500K, used 54044K [0x09750000, 0x0d16b000, 0x14200000)
   the space 59500K,  90% used [0x09750000, 0x0cc17248, 0x0cc17400, 0x0d16b000)
 Metaspace       used 12227K, capacity 12910K, committed 12928K, reserved 13696K
}
Event: 9.344 GC heap before
{Heap before GC invocations=34 (full 2):
 def new generation   total 16768K, used 15228K [0x04200000, 0x05430000, 0x09750000)
  eden space 14912K, 100% used [0x04200000, 0x05090000, 0x05090000)
  from space 1856K,  17% used [0x05260000, 0x052af1e8, 0x05430000)
  to   space 1856K,   0% used [0x05090000, 0x05090000, 0x05260000)
 tenured generation   total 59500K, used 54044K [0x09750000, 0x0d16b000, 0x14200000)
   the space 59500K,  90% used [0x09750000, 0x0cc17248, 0x0cc17400, 0x0d16b000)
 Metaspace       used 12227K, capacity 12910K, committed 12928K, reserved 13696K
Event: 9.358 GC heap after
Heap after GC invocations=35 (full 2):
 def new generation   total 16768K, used 454K [0x04200000, 0x05430000, 0x09750000)
  eden space 14912K,   0% used [0x04200000, 0x04200000, 0x05090000)
  from space 1856K,  24% used [0x05090000, 0x05101908, 0x05260000)
  to   space 1856K,   0% used [0x05260000, 0x05260000, 0x05430000)
 tenured generation   total 73680K, used 68219K [0x09750000, 0x0df44000, 0x14200000)
   the space 73680K,  92% used [0x09750000, 0x0d9eee68, 0x0d9ef000, 0x0df44000)
 Metaspace       used 12227K, capacity 12910K, committed 12928K, reserved 13696K
}
Event: 10.823 GC heap before
{Heap before GC invocations=35 (full 2):
 def new generation   total 16768K, used 15366K [0x04200000, 0x05430000, 0x09750000)
  eden space 14912K, 100% used [0x04200000, 0x05090000, 0x05090000)
  from space 1856K,  24% used [0x05090000, 0x05101908, 0x05260000)
  to   space 1856K,   0% used [0x05260000, 0x05260000, 0x05430000)
 tenured generation   total 73680K, used 68219K [0x09750000, 0x0df44000, 0x14200000)
   the space 73680K,  92% used [0x09750000, 0x0d9eee68, 0x0d9ef000, 0x0df44000)
 Metaspace       used 12301K, capacity 12999K, committed 13056K, reserved 13696K
Event: 10.866 GC heap after
Heap after GC invocations=36 (full 3):
 def new generation   total 33216K, used 0K [0x04200000, 0x06600000, 0x09750000)
  eden space 29568K,   0% used [0x04200000, 0x04200000, 0x05ee0000)
  from space 3648K,   0% used [0x05ee0000, 0x05ee0000, 0x06270000)
  to   space 3648K,   0% used [0x06270000, 0x06270000, 0x06600000)
 tenured generation   total 73680K, used 31836K [0x09750000, 0x0df44000, 0x14200000)
   the space 73680K,  43% used [0x09750000, 0x0b667088, 0x0b667200, 0x0df44000)
 Metaspace       used 12285K, capacity 12961K, committed 13056K, reserved 13696K
}

