# JRE version: Java(TM) SE Runtime Environment (8.0_181-b13) (build 1.8.0_181-b13)
# Java VM: Java HotSpot(TM) Client VM (25.181-b13 mixed mode windows-x86 )
Heap:
 def new generation   total 69248K, used 34206K [0x04000000, 0x08b20000, 0x09550000)
  eden space 61568K,  47% used [0x04000000, 0x05cb9ea8, 0x07c20000)
  from space 7680K,  62% used [0x083a0000, 0x0884d9d0, 0x08b20000)
  to   space 7680K,   0% used [0x07c20000, 0x07c20000, 0x083a0000)
 tenured generation   total 153816K, used 127021K [0x09550000, 0x12b86000, 0x14000000)
   the space 153816K,  82% used [0x09550000, 0x1115b428, 0x1115b600, 0x12b86000)
 Metaspace       used 11993K, capacity 12721K, committed 12800K, reserved 13696K
GC Heap History (10 events):
Event: 24.242 GC heap before
{Heap before GC invocations=20 (full 4):
 def new generation   total 33536K, used 27137K [0x04000000, 0x06460000, 0x09550000)
  eden space 29824K,  90% used [0x04000000, 0x05a80650, 0x05d20000)
  from space 3712K,   0% used [0x05d20000, 0x05d20000, 0x060c0000)
  to   space 3712K,   0% used [0x060c0000, 0x060c0000, 0x06460000)
 tenured generation   total 120432K, used 74891K [0x09550000, 0x10aec000, 0x14000000)
   the space 120432K,  62% used [0x09550000, 0x0de72ea0, 0x0de73000, 0x10aec000)
 Metaspace       used 11978K, capacity 12701K, committed 12800K, reserved 13696K
Event: 24.257 GC heap after
Heap after GC invocations=21 (full 4):
 def new generation   total 33536K, used 51K [0x04000000, 0x06460000, 0x09550000)
  eden space 29824K,   0% used [0x04000000, 0x04000000, 0x05d20000)
  from space 3712K,   1% used [0x060c0000, 0x060ccd20, 0x06460000)
  to   space 3712K,   0% used [0x05d20000, 0x05d20000, 0x060c0000)
 tenured generation   total 120432K, used 90478K [0x09550000, 0x10aec000, 0x14000000)
   the space 120432K,  75% used [0x09550000, 0x0edabb18, 0x0edabc00, 0x10aec000)
 Metaspace       used 11978K, capacity 12701K, committed 12800K, reserved 13696K
}
Event: 28.442 GC heap before
{Heap before GC invocations=21 (full 4):
 def new generation   total 33536K, used 21503K [0x04000000, 0x06460000, 0x09550000)
  eden space 29824K,  71% used [0x04000000, 0x054f3008, 0x05d20000)
  from space 3712K,   1% used [0x060c0000, 0x060ccd20, 0x06460000)
  to   space 3712K,   0% used [0x05d20000, 0x05d20000, 0x060c0000)
 tenured generation   total 153816K, used 123859K [0x09550000, 0x12b86000, 0x14000000)
   the space 153816K,  80% used [0x09550000, 0x10e44e98, 0x10e45000, 0x12b86000)
 Metaspace       used 11978K, capacity 12701K, committed 12800K, reserved 13696K
Event: 28.513 GC heap after
Heap after GC invocations=22 (full 4):
 def new generation   total 33536K, used 52K [0x04000000, 0x06460000, 0x09550000)
  eden space 29824K,   0% used [0x04000000, 0x04000000, 0x05d20000)
  from space 3712K,   1% used [0x05d20000, 0x05d2d360, 0x060c0000)
  to   space 3712K,   0% used [0x060c0000, 0x060c0000, 0x06460000)
 tenured generation   total 153816K, used 138372K [0x09550000, 0x12b86000, 0x14000000)
   the space 153816K,  89% used [0x09550000, 0x11c710a8, 0x11c71200, 0x12b86000)
 Metaspace       used 11978K, capacity 12701K, committed 12800K, reserved 13696K
}
Event: 38.269 GC heap before
{Heap before GC invocations=22 (full 4):
 def new generation   total 33536K, used 27593K [0x04000000, 0x06460000, 0x09550000)
  eden space 29824K,  92% used [0x04000000, 0x05ae52e0, 0x05d20000)
  from space 3712K,   1% used [0x05d20000, 0x05d2d360, 0x060c0000)
  to   space 3712K,   0% used [0x060c0000, 0x060c0000, 0x06460000)
 tenured generation   total 153816K, used 146472K [0x09550000, 0x12b86000, 0x14000000)
   the space 153816K,  95% used [0x09550000, 0x1245a0b8, 0x1245a200, 0x12b86000)
 Metaspace       used 11982K, capacity 12701K, committed 12800K, reserved 13696K
Event: 38.273 GC heap after
Heap after GC invocations=23 (full 4):
 def new generation   total 33536K, used 3134K [0x04000000, 0x06460000, 0x09550000)
  eden space 29824K,   0% used [0x04000000, 0x04000000, 0x05d20000)
  from space 3712K,  84% used [0x060c0000, 0x063cf888, 0x06460000)
  to   space 3712K,   0% used [0x05d20000, 0x05d20000, 0x060c0000)
 tenured generation   total 153816K, used 146472K [0x09550000, 0x12b86000, 0x14000000)
   the space 153816K,  95% used [0x09550000, 0x1245a0b8, 0x1245a200, 0x12b86000)
 Metaspace       used 11982K, capacity 12701K, committed 12800K, reserved 13696K
}
Event: 50.212 GC heap before
{Heap before GC invocations=23 (full 4):
 def new generation   total 33536K, used 11267K [0x04000000, 0x06460000, 0x09550000)
  eden space 29824K,  27% used [0x04000000, 0x047f15e8, 0x05d20000)
  from space 3712K,  84% used [0x060c0000, 0x063cf888, 0x06460000)
  to   space 3712K,   0% used [0x05d20000, 0x05d20000, 0x060c0000)
 tenured generation   total 153816K, used 146472K [0x09550000, 0x12b86000, 0x14000000)
   the space 153816K,  95% used [0x09550000, 0x1245a0b8, 0x1245a200, 0x12b86000)
 Metaspace       used 11982K, capacity 12701K, committed 12800K, reserved 13696K
Event: 50.257 GC heap after
Heap after GC invocations=24 (full 5):
 def new generation   total 69248K, used 0K [0x04000000, 0x08b20000, 0x09550000)
  eden space 61568K,   0% used [0x04000000, 0x04000000, 0x07c20000)
  from space 7680K,   0% used [0x07c20000, 0x07c20000, 0x083a0000)
  to   space 7680K,   0% used [0x083a0000, 0x083a0000, 0x08b20000)
 tenured generation   total 153816K, used 74970K [0x09550000, 0x12b86000, 0x14000000)
   the space 153816K,  48% used [0x09550000, 0x0de86bc8, 0x0de86c00, 0x12b86000)
 Metaspace       used 11982K, capacity 12701K, committed 12800K, reserved 13696K
}
Event: 65.208 GC heap before
{Heap before GC invocations=24 (full 5):
 def new generation   total 69248K, used 59159K [0x04000000, 0x08b20000, 0x09550000)
  eden space 61568K,  96% used [0x04000000, 0x079c5d50, 0x07c20000)
  from space 7680K,   0% used [0x07c20000, 0x07c20000, 0x083a0000)
  to   space 7680K,   0% used [0x083a0000, 0x083a0000, 0x08b20000)
 tenured generation   total 153816K, used 74970K [0x09550000, 0x12b86000, 0x14000000)
   the space 153816K,  48% used [0x09550000, 0x0de86bc8, 0x0de86c00, 0x12b86000)
 Metaspace       used 11982K, capacity 12701K, committed 12800K, reserved 13696K
Event: 65.246 GC heap after
Heap after GC invocations=25 (full 5):
 def new generation   total 69248K, used 4790K [0x04000000, 0x08b20000, 0x09550000)
  eden space 61568K,   0% used [0x04000000, 0x04000000, 0x07c20000)
  from space 7680K,  62% used [0x083a0000, 0x0884d9d0, 0x08b20000)
  to   space 7680K,   0% used [0x07c20000, 0x07c20000, 0x083a0000)
 tenured generation   total 153816K, used 127021K [0x09550000, 0x12b86000, 0x14000000)
   the space 153816K,  82% used [0x09550000, 0x1115b428, 0x1115b600, 0x12b86000)
 Metaspace       used 11982K, capacity 12701K, committed 12800K, reserved 13696K
}

