# JRE version: Java(TM) SE Runtime Environment (8.0_181-b13) (build 1.8.0_181-b13)
# Java VM: Java HotSpot(TM) Client VM (25.181-b13 mixed mode windows-x86 )
Heap:
 def new generation   total 69696K, used 38359K [0x04000000, 0x08ba0000, 0x09550000)
  eden space 61952K,  61% used [0x04000000, 0x06575f98, 0x07c80000)
  from space 7744K,   0% used [0x07c80000, 0x07c80000, 0x08410000)
  to   space 7744K,   0% used [0x08410000, 0x08410000, 0x08ba0000)
 tenured generation   total 154796K, used 92877K [0x09550000, 0x12c7b000, 0x14000000)
   the space 154796K,  59% used [0x09550000, 0x0f0034c0, 0x0f003600, 0x12c7b000)
 Metaspace       used 11966K, capacity 12696K, committed 12800K, reserved 13696K
GC Heap History (10 events):
Event: 8.642 GC heap before
{Heap before GC invocations=18 (full 2):
 def new generation   total 16000K, used 13553K [0x04000000, 0x05150000, 0x09550000)
  eden space 14272K,  91% used [0x04000000, 0x04ccff80, 0x04df0000)
  from space 1728K,  25% used [0x04df0000, 0x04e5c7d8, 0x04fa0000)
  to   space 1728K,   0% used [0x04fa0000, 0x04fa0000, 0x05150000)
 tenured generation   total 71876K, used 67323K [0x09550000, 0x0db81000, 0x14000000)
   the space 71876K,  93% used [0x09550000, 0x0d70ece8, 0x0d70ee00, 0x0db81000)
 Metaspace       used 11887K, capacity 12624K, committed 12672K, reserved 12672K
Event: 8.707 GC heap after
Heap after GC invocations=19 (full 3):
 def new generation   total 32384K, used 0K [0x04000000, 0x06320000, 0x09550000)
  eden space 28800K,   0% used [0x04000000, 0x04000000, 0x05c20000)
  from space 3584K,   0% used [0x05c20000, 0x05c20000, 0x05fa0000)
  to   space 3584K,   0% used [0x05fa0000, 0x05fa0000, 0x06320000)
 tenured generation   total 71876K, used 27829K [0x09550000, 0x0db81000, 0x14000000)
   the space 71876K,  38% used [0x09550000, 0x0b07d410, 0x0b07d600, 0x0db81000)
 Metaspace       used 11879K, capacity 12604K, committed 12672K, reserved 12672K
}
Event: 27.431 GC heap before
{Heap before GC invocations=19 (full 3):
 def new generation   total 32384K, used 8455K [0x04000000, 0x06320000, 0x09550000)
  eden space 28800K,  29% used [0x04000000, 0x04841d68, 0x05c20000)
  from space 3584K,   0% used [0x05c20000, 0x05c20000, 0x05fa0000)
  to   space 3584K,   0% used [0x05fa0000, 0x05fa0000, 0x06320000)
 tenured generation   total 71876K, used 27829K [0x09550000, 0x0db81000, 0x14000000)
   the space 71876K,  38% used [0x09550000, 0x0b07d410, 0x0b07d600, 0x0db81000)
 Metaspace       used 11930K, capacity 12639K, committed 12672K, reserved 12672K
Event: 27.491 GC heap after
Heap after GC invocations=20 (full 4):
 def new generation   total 32384K, used 0K [0x04000000, 0x06320000, 0x09550000)
  eden space 28800K,   0% used [0x04000000, 0x04000000, 0x05c20000)
  from space 3584K,   0% used [0x05fa0000, 0x05fa0000, 0x06320000)
  to   space 3584K,   0% used [0x05c20000, 0x05c20000, 0x05fa0000)
 tenured generation   total 71876K, used 27568K [0x09550000, 0x0db81000, 0x14000000)
   the space 71876K,  38% used [0x09550000, 0x0b03c268, 0x0b03c400, 0x0db81000)
 Metaspace       used 11930K, capacity 12639K, committed 12672K, reserved 12672K
}
Event: 37.224 GC heap before
{Heap before GC invocations=20 (full 4):
 def new generation   total 32384K, used 26305K [0x04000000, 0x06320000, 0x09550000)
  eden space 28800K,  91% used [0x04000000, 0x059b0458, 0x05c20000)
  from space 3584K,   0% used [0x05fa0000, 0x05fa0000, 0x06320000)
  to   space 3584K,   0% used [0x05c20000, 0x05c20000, 0x05fa0000)
 tenured generation   total 117852K, used 73543K [0x09550000, 0x10867000, 0x14000000)
   the space 117852K,  62% used [0x09550000, 0x0dd21eb8, 0x0dd22000, 0x10867000)
 Metaspace       used 11953K, capacity 12673K, committed 12800K, reserved 13696K
Event: 37.282 GC heap after
Heap after GC invocations=21 (full 5):
 def new generation   total 66944K, used 0K [0x04000000, 0x088a0000, 0x09550000)
  eden space 59520K,   0% used [0x04000000, 0x04000000, 0x07a20000)
  from space 7424K,   0% used [0x07a20000, 0x07a20000, 0x08160000)
  to   space 7424K,   0% used [0x08160000, 0x08160000, 0x088a0000)
 tenured generation   total 148656K, used 89192K [0x09550000, 0x1267c000, 0x14000000)
   the space 148656K,  59% used [0x09550000, 0x0ec6a358, 0x0ec6a400, 0x1267c000)
 Metaspace       used 11953K, capacity 12673K, committed 12800K, reserved 13696K
}
Event: 38.737 GC heap before
{Heap before GC invocations=21 (full 5):
 def new generation   total 66944K, used 62595K [0x04000000, 0x088a0000, 0x09550000)
  eden space 59520K,  97% used [0x04000000, 0x0787c890, 0x07a20000)
  from space 7424K,  64% used [0x07a20000, 0x07ec4640, 0x08160000)
  to   space 7424K,   0% used [0x08160000, 0x08160000, 0x088a0000)
 tenured generation   total 148656K, used 89192K [0x09550000, 0x1267c000, 0x14000000)
   the space 148656K,  59% used [0x09550000, 0x0ec6a358, 0x0ec6a400, 0x1267c000)
 Metaspace       used 11954K, capacity 12676K, committed 12800K, reserved 13696K
Event: 38.818 GC heap after
Heap after GC invocations=22 (full 5):
 def new generation   total 66944K, used 4783K [0x04000000, 0x088a0000, 0x09550000)
  eden space 59520K,   0% used [0x04000000, 0x04000000, 0x07a20000)
  from space 7424K,  64% used [0x08160000, 0x0860bf10, 0x088a0000)
  to   space 7424K,   0% used [0x07a20000, 0x07a20000, 0x08160000)
 tenured generation   total 148656K, used 146001K [0x09550000, 0x1267c000, 0x14000000)
   the space 148656K,  98% used [0x09550000, 0x123e45e0, 0x123e4600, 0x1267c000)
 Metaspace       used 11954K, capacity 12676K, committed 12800K, reserved 13696K
}
Event: 40.726 GC heap before
{Heap before GC invocations=22 (full 5):
 def new generation   total 66944K, used 34812K [0x04000000, 0x088a0000, 0x09550000)
  eden space 59520K,  50% used [0x04000000, 0x05d53140, 0x07a20000)
  from space 7424K,  64% used [0x08160000, 0x0860bf10, 0x088a0000)
  to   space 7424K,   0% used [0x07a20000, 0x07a20000, 0x08160000)
 tenured generation   total 148656K, used 146001K [0x09550000, 0x1267c000, 0x14000000)
   the space 148656K,  98% used [0x09550000, 0x123e45e0, 0x123e4600, 0x1267c000)
 Metaspace       used 11954K, capacity 12676K, committed 12800K, reserved 13696K
Event: 40.866 GC heap after
Heap after GC invocations=23 (full 6):
 def new generation   total 69696K, used 0K [0x04000000, 0x08ba0000, 0x09550000)
  eden space 61952K,   0% used [0x04000000, 0x04000000, 0x07c80000)
  from space 7744K,   0% used [0x07c80000, 0x07c80000, 0x08410000)
  to   space 7744K,   0% used [0x08410000, 0x08410000, 0x08ba0000)
 tenured generation   total 154796K, used 92877K [0x09550000, 0x12c7b000, 0x14000000)
   the space 154796K,  59% used [0x09550000, 0x0f0034c0, 0x0f003600, 0x12c7b000)
 Metaspace       used 11954K, capacity 12676K, committed 12800K, reserved 13696K
}

