# JRE version: Java(TM) SE Runtime Environment (8.0_181-b13) (build 1.8.0_181-b13)
# Java VM: Java HotSpot(TM) Client VM (25.181-b13 mixed mode windows-x86 )
Heap:
 def new generation   total 16000K, used 14783K [0x04600000, 0x05750000, 0x09b50000)
  eden space 14272K,  98% used [0x04600000, 0x053c5b98, 0x053f0000)
  from space 1728K,  39% used [0x055a0000, 0x0564a0b0, 0x05750000)
  to   space 1728K,   0% used [0x053f0000, 0x053f0000, 0x055a0000)
 tenured generation   total 73880K, used 73382K [0x09b50000, 0x0e376000, 0x14600000)
   the space 73880K,  99% used [0x09b50000, 0x0e2f98f8, 0x0e2f9a00, 0x0e376000)
 Metaspace       used 11926K, capacity 12649K, committed 12672K, reserved 12672K
GC Heap History (10 events):
Event: 8.448 GC heap before
{Heap before GC invocations=14 (full 2):
 def new generation   total 16000K, used 12682K [0x04600000, 0x05750000, 0x09b50000)
  eden space 14272K,  88% used [0x04600000, 0x052628e0, 0x053f0000)
  from space 1728K,   0% used [0x053f0000, 0x053f0000, 0x055a0000)
  to   space 1728K,   0% used [0x055a0000, 0x055a0000, 0x05750000)
 tenured generation   total 35388K, used 21232K [0x09b50000, 0x0bddf000, 0x14600000)
   the space 35388K,  59% used [0x09b50000, 0x0b00c000, 0x0b00c000, 0x0bddf000)
 Metaspace       used 11250K, capacity 11951K, committed 12032K, reserved 12672K
Event: 8.453 GC heap after
Heap after GC invocations=15 (full 2):
 def new generation   total 16000K, used 1540K [0x04600000, 0x05750000, 0x09b50000)
  eden space 14272K,   0% used [0x04600000, 0x04600000, 0x053f0000)
  from space 1728K,  89% used [0x055a0000, 0x05721130, 0x05750000)
  to   space 1728K,   0% used [0x053f0000, 0x053f0000, 0x055a0000)
 tenured generation   total 35388K, used 21232K [0x09b50000, 0x0bddf000, 0x14600000)
   the space 35388K,  59% used [0x09b50000, 0x0b00c000, 0x0b00c000, 0x0bddf000)
 Metaspace       used 11250K, capacity 11951K, committed 12032K, reserved 12672K
}
Event: 8.520 GC heap before
{Heap before GC invocations=15 (full 2):
 def new generation   total 16000K, used 10500K [0x04600000, 0x05750000, 0x09b50000)
  eden space 14272K,  62% used [0x04600000, 0x04ec0290, 0x053f0000)
  from space 1728K,  89% used [0x055a0000, 0x05721130, 0x05750000)
  to   space 1728K,   0% used [0x053f0000, 0x053f0000, 0x055a0000)
 tenured generation   total 35388K, used 27307K [0x09b50000, 0x0bddf000, 0x14600000)
   the space 35388K,  77% used [0x09b50000, 0x0b5fac10, 0x0b5fae00, 0x0bddf000)
 Metaspace       used 11256K, capacity 11951K, committed 12032K, reserved 12672K
Event: 8.534 GC heap after
Heap after GC invocations=16 (full 2):
 def new generation   total 16000K, used 89K [0x04600000, 0x05750000, 0x09b50000)
  eden space 14272K,   0% used [0x04600000, 0x04600000, 0x053f0000)
  from space 1728K,   5% used [0x053f0000, 0x054064f8, 0x055a0000)
  to   space 1728K,   0% used [0x055a0000, 0x055a0000, 0x05750000)
 tenured generation   total 43492K, used 36932K [0x09b50000, 0x0c5c9000, 0x14600000)
   the space 43492K,  84% used [0x09b50000, 0x0bf610a8, 0x0bf61200, 0x0c5c9000)
 Metaspace       used 11256K, capacity 11951K, committed 12032K, reserved 12672K
}
Event: 8.809 GC heap before
{Heap before GC invocations=16 (full 2):
 def new generation   total 16000K, used 9910K [0x04600000, 0x05750000, 0x09b50000)
  eden space 14272K,  68% used [0x04600000, 0x04f976b0, 0x053f0000)
  from space 1728K,   5% used [0x053f0000, 0x054064f8, 0x055a0000)
  to   space 1728K,   0% used [0x055a0000, 0x055a0000, 0x05750000)
 tenured generation   total 51596K, used 45032K [0x09b50000, 0x0cdb3000, 0x14600000)
   the space 51596K,  87% used [0x09b50000, 0x0c74a0b8, 0x0c74a200, 0x0cdb3000)
 Metaspace       used 11257K, capacity 11951K, committed 12032K, reserved 12672K
Event: 8.818 GC heap after
Heap after GC invocations=17 (full 2):
 def new generation   total 16000K, used 238K [0x04600000, 0x05750000, 0x09b50000)
  eden space 14272K,   0% used [0x04600000, 0x04600000, 0x053f0000)
  from space 1728K,  13% used [0x055a0000, 0x055db8e0, 0x05750000)
  to   space 1728K,   0% used [0x053f0000, 0x053f0000, 0x055a0000)
 tenured generation   total 59700K, used 53132K [0x09b50000, 0x0d59d000, 0x14600000)
   the space 59700K,  88% used [0x09b50000, 0x0cf330c8, 0x0cf33200, 0x0d59d000)
 Metaspace       used 11257K, capacity 11951K, committed 12032K, reserved 12672K
}
Event: 8.949 GC heap before
{Heap before GC invocations=17 (full 2):
 def new generation   total 16000K, used 7054K [0x04600000, 0x05750000, 0x09b50000)
  eden space 14272K,  47% used [0x04600000, 0x04ca82b0, 0x053f0000)
  from space 1728K,  13% used [0x055a0000, 0x055db8e0, 0x05750000)
  to   space 1728K,   0% used [0x053f0000, 0x053f0000, 0x055a0000)
 tenured generation   total 67804K, used 61232K [0x09b50000, 0x0dd87000, 0x14600000)
   the space 67804K,  90% used [0x09b50000, 0x0d71c0d8, 0x0d71c200, 0x0dd87000)
 Metaspace       used 11257K, capacity 11951K, committed 12032K, reserved 12672K
Event: 8.956 GC heap after
Heap after GC invocations=18 (full 2):
 def new generation   total 16000K, used 383K [0x04600000, 0x05750000, 0x09b50000)
  eden space 14272K,   0% used [0x04600000, 0x04600000, 0x053f0000)
  from space 1728K,  22% used [0x053f0000, 0x0544fed0, 0x055a0000)
  to   space 1728K,   0% used [0x055a0000, 0x055a0000, 0x05750000)
 tenured generation   total 67804K, used 67307K [0x09b50000, 0x0dd87000, 0x14600000)
   the space 67804K,  99% used [0x09b50000, 0x0dd0ace8, 0x0dd0ae00, 0x0dd87000)
 Metaspace       used 11257K, capacity 11951K, committed 12032K, reserved 12672K
}
Event: 9.778 GC heap before
{Heap before GC invocations=18 (full 2):
 def new generation   total 16000K, used 14659K [0x04600000, 0x05750000, 0x09b50000)
  eden space 14272K, 100% used [0x04600000, 0x053f0000, 0x053f0000)
  from space 1728K,  22% used [0x053f0000, 0x05450f08, 0x055a0000)
  to   space 1728K,   0% used [0x055a0000, 0x055a0000, 0x05750000)
 tenured generation   total 67804K, used 67307K [0x09b50000, 0x0dd87000, 0x14600000)
   the space 67804K,  99% used [0x09b50000, 0x0dd0ace8, 0x0dd0ae00, 0x0dd87000)
 Metaspace       used 11257K, capacity 11951K, committed 12032K, reserved 12672K
Event: 9.787 GC heap after
Heap after GC invocations=19 (full 2):
 def new generation   total 16000K, used 680K [0x04600000, 0x05750000, 0x09b50000)
  eden space 14272K,   0% used [0x04600000, 0x04600000, 0x053f0000)
  from space 1728K,  39% used [0x055a0000, 0x0564a0b0, 0x05750000)
  to   space 1728K,   0% used [0x053f0000, 0x053f0000, 0x055a0000)
 tenured generation   total 73880K, used 73382K [0x09b50000, 0x0e376000, 0x14600000)
   the space 73880K,  99% used [0x09b50000, 0x0e2f98f8, 0x0e2f9a00, 0x0e376000)
 Metaspace       used 11257K, capacity 11951K, committed 12032K, reserved 12672K
}

